2011-12-17 20:02:34 Warning: Warning (512): <span style="color:Red;text-align:left"><b>SQL Error:</b> 1054: Unknown column 'teacher.created' in 'order clause'</span> in [/Applications/MAMP/htdocs/ars/cake/libs/model/datasources/dbo_source.php, line 684]
2011-12-18 01:04:22 Warning: Warning (2): Cannot modify header information - headers already sent by (output started at /Applications/MAMP/htdocs/ars/cake/basics.php:375) in [/Applications/MAMP/htdocs/ars/app/app_controller.php, line 38]
2011-12-18 01:04:33 Warning: Warning (2): Cannot modify header information - headers already sent by (output started at /Applications/MAMP/htdocs/ars/cake/basics.php:375) in [/Applications/MAMP/htdocs/ars/app/app_controller.php, line 38]
2011-12-18 13:29:42 Warning: Warning (512): <span style="color:Red;text-align:left"><b>SQL Error:</b> 1054: Unknown column 'Jobtype.teacher_id' in 'on clause'</span> in [/Applications/MAMP/htdocs/ars/cake/libs/model/datasources/dbo_source.php, line 684]
2011-12-18 13:30:33 Warning: Warning (512): <span style="color:Red;text-align:left"><b>SQL Error:</b> 1052: Column 'created' in order clause is ambiguous</span> in [/Applications/MAMP/htdocs/ars/cake/libs/model/datasources/dbo_source.php, line 684]
2011-12-18 18:12:47 Warning: Warning (2): array_merge() [<a href='http://php.net/function.array-merge'>function.array-merge</a>]: Argument #3 is not an array in [/Applications/MAMP/htdocs/ars/cake/libs/view/helpers/form.php, line 723]
2011-12-18 22:43:00 Warning: Warning (2): Cannot modify header information - headers already sent by (output started at /Applications/MAMP/htdocs/ars/cake/libs/debugger.php:683) in [/Applications/MAMP/htdocs/ars/app/app_controller.php, line 38]
2011-12-18 22:43:20 Warning: Warning (512): <span style="color:Red;text-align:left"><b>SQL Error:</b> 1054: Unknown column 'Array' in 'field list'</span> in [/Applications/MAMP/htdocs/ars/cake/libs/model/datasources/dbo_source.php, line 684]
2011-12-18 22:43:20 Warning: Warning (2): Cannot modify header information - headers already sent by (output started at /Applications/MAMP/htdocs/ars/cake/libs/debugger.php:683) in [/Applications/MAMP/htdocs/ars/app/app_controller.php, line 38]
2011-12-18 22:52:24 Warning: Warning (2): array_merge() [<a href='http://php.net/function.array-merge'>function.array-merge</a>]: Argument #3 is not an array in [/Applications/MAMP/htdocs/ars/cake/libs/view/helpers/form.php, line 723]
2011-12-18 23:33:12 Warning: Warning (2): preg_match() [<a href='http://php.net/function.preg-match'>function.preg-match</a>]: Delimiter must not be alphanumeric or backslash in [/Applications/MAMP/htdocs/ars/cake/libs/model/model.php, line 2626]
2011-12-18 23:33:12 Warning: Warning (2): Cannot modify header information - headers already sent by (output started at /Applications/MAMP/htdocs/ars/cake/libs/debugger.php:683) in [/Applications/MAMP/htdocs/ars/app/app_controller.php, line 38]
2011-12-24 08:46:22 Warning: Warning (512): Method HtmlHelper::img does not exist in [/Applications/MAMP/htdocs/ars/cake/libs/view/helper.php, line 154]
2011-12-24 08:46:38 Warning: Warning (512): Method HtmlHelper::img does not exist in [/Applications/MAMP/htdocs/ars/cake/libs/view/helper.php, line 154]
2011-12-24 17:35:03 Warning: Warning (512): <span style="color:Red;text-align:left"><b>SQL Error:</b> 1054: Unknown column 'Teacher.67' in 'field list'</span> in [/Applications/MAMP/htdocs/ars/cake/libs/model/datasources/dbo_source.php, line 684]
2011-12-24 17:35:40 Warning: Warning (512): <span style="color:Red;text-align:left"><b>SQL Error:</b> 1054: Unknown column 'Teacher.67' in 'field list'</span> in [/Applications/MAMP/htdocs/ars/cake/libs/model/datasources/dbo_source.php, line 684]
2011-12-24 17:35:43 Warning: Warning (512): <span style="color:Red;text-align:left"><b>SQL Error:</b> 1054: Unknown column 'Teacher.67' in 'field list'</span> in [/Applications/MAMP/htdocs/ars/cake/libs/model/datasources/dbo_source.php, line 684]
2011-12-25 02:29:28 Warning: Warning (512): <span style="color:Red;text-align:left"><b>SQL Error:</b> 1054: Unknown column 'Disability.student_id' in 'on clause'</span> in [/Applications/MAMP/htdocs/ars/cake/libs/model/datasources/dbo_source.php, line 684]
2011-12-25 12:36:41 Warning: Warning (2): Cannot modify header information - headers already sent by (output started at /Applications/MAMP/htdocs/ars/cake/libs/debugger.php:683) in [/Applications/MAMP/htdocs/ars/app/app_controller.php, line 38]
2011-12-25 12:37:04 Warning: Warning (2): Cannot modify header information - headers already sent by (output started at /Applications/MAMP/htdocs/ars/cake/libs/debugger.php:683) in [/Applications/MAMP/htdocs/ars/app/app_controller.php, line 38]
2011-12-25 12:59:47 Warning: Warning (512): <span style="color:Red;text-align:left"><b>SQL Error:</b> 1054: Unknown column 'caste.name' in 'order clause'</span> in [/Applications/MAMP/htdocs/ars/cake/libs/model/datasources/dbo_source.php, line 684]
2011-12-25 12:59:47 Warning: Warning (512): <span style="color:Red;text-align:left"><b>SQL Error:</b> 1054: Unknown column 'caste.name' in 'order clause'</span> in [/Applications/MAMP/htdocs/ars/cake/libs/model/datasources/dbo_source.php, line 684]
2011-12-31 19:20:27 Warning: Warning (2): array_merge() [<a href='http://php.net/function.array-merge'>function.array-merge</a>]: Argument #1 is not an array in [/Applications/MAMP/htdocs/ars/cake/libs/view/helpers/paginator.php, line 194]
2011-12-31 19:20:27 Warning: Warning (2): array_merge() [<a href='http://php.net/function.array-merge'>function.array-merge</a>]: Argument #1 is not an array in [/Applications/MAMP/htdocs/ars/cake/libs/view/helpers/paginator.php, line 378]
2012-01-01 01:49:05 Warning: Warning (512): <span style="color:Red;text-align:left"><b>SQL Error:</b> 1054: Unknown column 'Attendance.id' in 'field list'</span> in [/Applications/MAMP/htdocs/ars/cake/libs/model/datasources/dbo_source.php, line 684]
2012-01-01 01:54:37 Warning: Warning (2): array_merge() [<a href='http://php.net/function.array-merge'>function.array-merge</a>]: Argument #1 is not an array in [/Applications/MAMP/htdocs/ars/cake/libs/view/helpers/paginator.php, line 194]
2012-01-01 01:54:37 Warning: Warning (2): array_merge() [<a href='http://php.net/function.array-merge'>function.array-merge</a>]: Argument #1 is not an array in [/Applications/MAMP/htdocs/ars/cake/libs/view/helpers/paginator.php, line 378]
2012-01-01 01:54:37 Warning: Warning (2): Invalid argument supplied for foreach() in [/Applications/MAMP/htdocs/ars/app/views/teacherattendances/index.ctp, line 11]
2012-01-01 01:55:05 Warning: Warning (512): <span style="color:Red;text-align:left"><b>SQL Error:</b> 1064: You have an error in your SQL syntax; check the manual that corresponds to your MySQL server version for the right syntax to use near 'paginate' at line 1</span> in [/Applications/MAMP/htdocs/ars/cake/libs/model/datasources/dbo_source.php, line 684]
2012-01-01 01:55:05 Warning: Warning (2): array_merge() [<a href='http://php.net/function.array-merge'>function.array-merge</a>]: Argument #1 is not an array in [/Applications/MAMP/htdocs/ars/cake/libs/view/helpers/paginator.php, line 194]
2012-01-01 01:55:05 Warning: Warning (2): array_merge() [<a href='http://php.net/function.array-merge'>function.array-merge</a>]: Argument #1 is not an array in [/Applications/MAMP/htdocs/ars/cake/libs/view/helpers/paginator.php, line 378]
2012-01-01 01:55:05 Warning: Warning (2): Invalid argument supplied for foreach() in [/Applications/MAMP/htdocs/ars/app/views/teacherattendances/index.ctp, line 11]
2012-01-01 01:55:20 Warning: Warning (512): <span style="color:Red;text-align:left"><b>SQL Error:</b> 1064: You have an error in your SQL syntax; check the manual that corresponds to your MySQL server version for the right syntax to use near 'paginate' at line 1</span> in [/Applications/MAMP/htdocs/ars/cake/libs/model/datasources/dbo_source.php, line 684]
2012-01-01 01:55:20 Warning: Warning (2): array_merge() [<a href='http://php.net/function.array-merge'>function.array-merge</a>]: Argument #1 is not an array in [/Applications/MAMP/htdocs/ars/cake/libs/view/helpers/paginator.php, line 194]
2012-01-01 01:55:20 Warning: Warning (2): array_merge() [<a href='http://php.net/function.array-merge'>function.array-merge</a>]: Argument #1 is not an array in [/Applications/MAMP/htdocs/ars/cake/libs/view/helpers/paginator.php, line 378]
2012-01-01 01:55:21 Warning: Warning (2): Invalid argument supplied for foreach() in [/Applications/MAMP/htdocs/ars/app/views/teacherattendances/index.ctp, line 11]
2012-01-01 01:55:29 Warning: Warning (512): <span style="color:Red;text-align:left"><b>SQL Error:</b> 1064: You have an error in your SQL syntax; check the manual that corresponds to your MySQL server version for the right syntax to use near 'paginate' at line 1</span> in [/Applications/MAMP/htdocs/ars/cake/libs/model/datasources/dbo_source.php, line 684]
2012-01-01 01:55:29 Warning: Warning (2): array_merge() [<a href='http://php.net/function.array-merge'>function.array-merge</a>]: Argument #1 is not an array in [/Applications/MAMP/htdocs/ars/cake/libs/view/helpers/paginator.php, line 194]
2012-01-01 01:55:29 Warning: Warning (2): array_merge() [<a href='http://php.net/function.array-merge'>function.array-merge</a>]: Argument #1 is not an array in [/Applications/MAMP/htdocs/ars/cake/libs/view/helpers/paginator.php, line 378]
2012-01-01 01:55:29 Warning: Warning (2): Invalid argument supplied for foreach() in [/Applications/MAMP/htdocs/ars/app/views/teacherattendances/index.ctp, line 11]
2012-01-01 01:55:30 Warning: Warning (512): <span style="color:Red;text-align:left"><b>SQL Error:</b> 1064: You have an error in your SQL syntax; check the manual that corresponds to your MySQL server version for the right syntax to use near 'paginate' at line 1</span> in [/Applications/MAMP/htdocs/ars/cake/libs/model/datasources/dbo_source.php, line 684]
2012-01-01 01:55:30 Warning: Warning (2): array_merge() [<a href='http://php.net/function.array-merge'>function.array-merge</a>]: Argument #1 is not an array in [/Applications/MAMP/htdocs/ars/cake/libs/view/helpers/paginator.php, line 194]
2012-01-01 01:55:30 Warning: Warning (2): array_merge() [<a href='http://php.net/function.array-merge'>function.array-merge</a>]: Argument #1 is not an array in [/Applications/MAMP/htdocs/ars/cake/libs/view/helpers/paginator.php, line 378]
2012-01-01 01:55:30 Warning: Warning (2): Invalid argument supplied for foreach() in [/Applications/MAMP/htdocs/ars/app/views/teacherattendances/index.ctp, line 11]
2012-01-01 01:55:30 Warning: Warning (512): <span style="color:Red;text-align:left"><b>SQL Error:</b> 1064: You have an error in your SQL syntax; check the manual that corresponds to your MySQL server version for the right syntax to use near 'paginate' at line 1</span> in [/Applications/MAMP/htdocs/ars/cake/libs/model/datasources/dbo_source.php, line 684]
2012-01-01 01:55:30 Warning: Warning (2): array_merge() [<a href='http://php.net/function.array-merge'>function.array-merge</a>]: Argument #1 is not an array in [/Applications/MAMP/htdocs/ars/cake/libs/view/helpers/paginator.php, line 194]
2012-01-01 01:55:30 Warning: Warning (2): array_merge() [<a href='http://php.net/function.array-merge'>function.array-merge</a>]: Argument #1 is not an array in [/Applications/MAMP/htdocs/ars/cake/libs/view/helpers/paginator.php, line 378]
2012-01-01 01:55:30 Warning: Warning (2): Invalid argument supplied for foreach() in [/Applications/MAMP/htdocs/ars/app/views/teacherattendances/index.ctp, line 11]
2012-01-01 01:55:30 Warning: Warning (512): <span style="color:Red;text-align:left"><b>SQL Error:</b> 1064: You have an error in your SQL syntax; check the manual that corresponds to your MySQL server version for the right syntax to use near 'paginate' at line 1</span> in [/Applications/MAMP/htdocs/ars/cake/libs/model/datasources/dbo_source.php, line 684]
2012-01-01 01:55:30 Warning: Warning (2): array_merge() [<a href='http://php.net/function.array-merge'>function.array-merge</a>]: Argument #1 is not an array in [/Applications/MAMP/htdocs/ars/cake/libs/view/helpers/paginator.php, line 194]
2012-01-01 01:55:30 Warning: Warning (2): array_merge() [<a href='http://php.net/function.array-merge'>function.array-merge</a>]: Argument #1 is not an array in [/Applications/MAMP/htdocs/ars/cake/libs/view/helpers/paginator.php, line 378]
2012-01-01 01:55:30 Warning: Warning (2): Invalid argument supplied for foreach() in [/Applications/MAMP/htdocs/ars/app/views/teacherattendances/index.ctp, line 11]
2012-01-01 01:55:30 Warning: Warning (512): <span style="color:Red;text-align:left"><b>SQL Error:</b> 1064: You have an error in your SQL syntax; check the manual that corresponds to your MySQL server version for the right syntax to use near 'paginate' at line 1</span> in [/Applications/MAMP/htdocs/ars/cake/libs/model/datasources/dbo_source.php, line 684]
2012-01-01 01:55:30 Warning: Warning (2): array_merge() [<a href='http://php.net/function.array-merge'>function.array-merge</a>]: Argument #1 is not an array in [/Applications/MAMP/htdocs/ars/cake/libs/view/helpers/paginator.php, line 194]
2012-01-01 01:55:30 Warning: Warning (2): array_merge() [<a href='http://php.net/function.array-merge'>function.array-merge</a>]: Argument #1 is not an array in [/Applications/MAMP/htdocs/ars/cake/libs/view/helpers/paginator.php, line 378]
2012-01-01 01:55:30 Warning: Warning (2): Invalid argument supplied for foreach() in [/Applications/MAMP/htdocs/ars/app/views/teacherattendances/index.ctp, line 11]
2012-01-01 01:55:31 Warning: Warning (512): <span style="color:Red;text-align:left"><b>SQL Error:</b> 1064: You have an error in your SQL syntax; check the manual that corresponds to your MySQL server version for the right syntax to use near 'paginate' at line 1</span> in [/Applications/MAMP/htdocs/ars/cake/libs/model/datasources/dbo_source.php, line 684]
2012-01-01 01:55:31 Warning: Warning (2): array_merge() [<a href='http://php.net/function.array-merge'>function.array-merge</a>]: Argument #1 is not an array in [/Applications/MAMP/htdocs/ars/cake/libs/view/helpers/paginator.php, line 194]
2012-01-01 01:55:31 Warning: Warning (2): array_merge() [<a href='http://php.net/function.array-merge'>function.array-merge</a>]: Argument #1 is not an array in [/Applications/MAMP/htdocs/ars/cake/libs/view/helpers/paginator.php, line 378]
2012-01-01 01:55:31 Warning: Warning (2): Invalid argument supplied for foreach() in [/Applications/MAMP/htdocs/ars/app/views/teacherattendances/index.ctp, line 11]
2012-01-01 01:55:31 Warning: Warning (512): <span style="color:Red;text-align:left"><b>SQL Error:</b> 1064: You have an error in your SQL syntax; check the manual that corresponds to your MySQL server version for the right syntax to use near 'paginate' at line 1</span> in [/Applications/MAMP/htdocs/ars/cake/libs/model/datasources/dbo_source.php, line 684]
2012-01-01 01:55:31 Warning: Warning (2): array_merge() [<a href='http://php.net/function.array-merge'>function.array-merge</a>]: Argument #1 is not an array in [/Applications/MAMP/htdocs/ars/cake/libs/view/helpers/paginator.php, line 194]
2012-01-01 01:55:31 Warning: Warning (2): array_merge() [<a href='http://php.net/function.array-merge'>function.array-merge</a>]: Argument #1 is not an array in [/Applications/MAMP/htdocs/ars/cake/libs/view/helpers/paginator.php, line 378]
2012-01-01 01:55:31 Warning: Warning (2): Invalid argument supplied for foreach() in [/Applications/MAMP/htdocs/ars/app/views/teacherattendances/index.ctp, line 11]
2012-01-01 01:55:31 Warning: Warning (512): <span style="color:Red;text-align:left"><b>SQL Error:</b> 1064: You have an error in your SQL syntax; check the manual that corresponds to your MySQL server version for the right syntax to use near 'paginate' at line 1</span> in [/Applications/MAMP/htdocs/ars/cake/libs/model/datasources/dbo_source.php, line 684]
2012-01-01 01:55:31 Warning: Warning (2): array_merge() [<a href='http://php.net/function.array-merge'>function.array-merge</a>]: Argument #1 is not an array in [/Applications/MAMP/htdocs/ars/cake/libs/view/helpers/paginator.php, line 194]
2012-01-01 01:55:31 Warning: Warning (2): array_merge() [<a href='http://php.net/function.array-merge'>function.array-merge</a>]: Argument #1 is not an array in [/Applications/MAMP/htdocs/ars/cake/libs/view/helpers/paginator.php, line 378]
2012-01-01 01:55:31 Warning: Warning (2): Invalid argument supplied for foreach() in [/Applications/MAMP/htdocs/ars/app/views/teacherattendances/index.ctp, line 11]
2012-01-01 01:55:31 Warning: Warning (512): <span style="color:Red;text-align:left"><b>SQL Error:</b> 1064: You have an error in your SQL syntax; check the manual that corresponds to your MySQL server version for the right syntax to use near 'paginate' at line 1</span> in [/Applications/MAMP/htdocs/ars/cake/libs/model/datasources/dbo_source.php, line 684]
2012-01-01 01:55:31 Warning: Warning (2): array_merge() [<a href='http://php.net/function.array-merge'>function.array-merge</a>]: Argument #1 is not an array in [/Applications/MAMP/htdocs/ars/cake/libs/view/helpers/paginator.php, line 194]
2012-01-01 01:55:31 Warning: Warning (2): array_merge() [<a href='http://php.net/function.array-merge'>function.array-merge</a>]: Argument #1 is not an array in [/Applications/MAMP/htdocs/ars/cake/libs/view/helpers/paginator.php, line 378]
2012-01-01 01:55:31 Warning: Warning (2): Invalid argument supplied for foreach() in [/Applications/MAMP/htdocs/ars/app/views/teacherattendances/index.ctp, line 11]
2012-01-01 01:55:32 Warning: Warning (512): <span style="color:Red;text-align:left"><b>SQL Error:</b> 1064: You have an error in your SQL syntax; check the manual that corresponds to your MySQL server version for the right syntax to use near 'paginate' at line 1</span> in [/Applications/MAMP/htdocs/ars/cake/libs/model/datasources/dbo_source.php, line 684]
2012-01-01 01:55:32 Warning: Warning (2): array_merge() [<a href='http://php.net/function.array-merge'>function.array-merge</a>]: Argument #1 is not an array in [/Applications/MAMP/htdocs/ars/cake/libs/view/helpers/paginator.php, line 194]
2012-01-01 01:55:32 Warning: Warning (2): array_merge() [<a href='http://php.net/function.array-merge'>function.array-merge</a>]: Argument #1 is not an array in [/Applications/MAMP/htdocs/ars/cake/libs/view/helpers/paginator.php, line 378]
2012-01-01 01:55:32 Warning: Warning (2): Invalid argument supplied for foreach() in [/Applications/MAMP/htdocs/ars/app/views/teacherattendances/index.ctp, line 11]
2012-01-01 01:55:32 Warning: Warning (512): <span style="color:Red;text-align:left"><b>SQL Error:</b> 1064: You have an error in your SQL syntax; check the manual that corresponds to your MySQL server version for the right syntax to use near 'paginate' at line 1</span> in [/Applications/MAMP/htdocs/ars/cake/libs/model/datasources/dbo_source.php, line 684]
2012-01-01 01:55:32 Warning: Warning (2): array_merge() [<a href='http://php.net/function.array-merge'>function.array-merge</a>]: Argument #1 is not an array in [/Applications/MAMP/htdocs/ars/cake/libs/view/helpers/paginator.php, line 194]
2012-01-01 01:55:32 Warning: Warning (2): array_merge() [<a href='http://php.net/function.array-merge'>function.array-merge</a>]: Argument #1 is not an array in [/Applications/MAMP/htdocs/ars/cake/libs/view/helpers/paginator.php, line 378]
2012-01-01 01:55:32 Warning: Warning (2): Invalid argument supplied for foreach() in [/Applications/MAMP/htdocs/ars/app/views/teacherattendances/index.ctp, line 11]
2012-01-01 01:55:32 Warning: Warning (512): <span style="color:Red;text-align:left"><b>SQL Error:</b> 1064: You have an error in your SQL syntax; check the manual that corresponds to your MySQL server version for the right syntax to use near 'paginate' at line 1</span> in [/Applications/MAMP/htdocs/ars/cake/libs/model/datasources/dbo_source.php, line 684]
2012-01-01 01:55:32 Warning: Warning (2): array_merge() [<a href='http://php.net/function.array-merge'>function.array-merge</a>]: Argument #1 is not an array in [/Applications/MAMP/htdocs/ars/cake/libs/view/helpers/paginator.php, line 194]
2012-01-01 01:55:32 Warning: Warning (2): array_merge() [<a href='http://php.net/function.array-merge'>function.array-merge</a>]: Argument #1 is not an array in [/Applications/MAMP/htdocs/ars/cake/libs/view/helpers/paginator.php, line 378]
2012-01-01 01:55:32 Warning: Warning (2): Invalid argument supplied for foreach() in [/Applications/MAMP/htdocs/ars/app/views/teacherattendances/index.ctp, line 11]
2012-01-01 01:55:33 Warning: Warning (512): <span style="color:Red;text-align:left"><b>SQL Error:</b> 1064: You have an error in your SQL syntax; check the manual that corresponds to your MySQL server version for the right syntax to use near 'paginate' at line 1</span> in [/Applications/MAMP/htdocs/ars/cake/libs/model/datasources/dbo_source.php, line 684]
2012-01-01 01:55:33 Warning: Warning (2): array_merge() [<a href='http://php.net/function.array-merge'>function.array-merge</a>]: Argument #1 is not an array in [/Applications/MAMP/htdocs/ars/cake/libs/view/helpers/paginator.php, line 194]
2012-01-01 01:55:33 Warning: Warning (2): array_merge() [<a href='http://php.net/function.array-merge'>function.array-merge</a>]: Argument #1 is not an array in [/Applications/MAMP/htdocs/ars/cake/libs/view/helpers/paginator.php, line 378]
2012-01-01 01:55:33 Warning: Warning (2): Invalid argument supplied for foreach() in [/Applications/MAMP/htdocs/ars/app/views/teacherattendances/index.ctp, line 11]
2012-01-01 01:55:58 Warning: Warning (2): Invalid argument supplied for foreach() in [/Applications/MAMP/htdocs/ars/app/views/teacherattendances/index.ctp, line 11]
2012-01-01 01:58:03 Warning: Warning (2): Invalid argument supplied for foreach() in [/Applications/MAMP/htdocs/ars/app/views/attendances/index.ctp, line 11]
2012-01-01 02:00:28 Warning: Warning (2): Invalid argument supplied for foreach() in [/Applications/MAMP/htdocs/ars/app/views/attendances/index.ctp, line 11]
2012-01-01 02:01:13 Warning: Warning (2): Invalid argument supplied for foreach() in [/Applications/MAMP/htdocs/ars/app/views/attendances/index.ctp, line 11]
2012-01-01 02:01:13 Warning: Warning (2): Invalid argument supplied for foreach() in [/Applications/MAMP/htdocs/ars/app/views/attendances/index.ctp, line 11]
2012-01-01 02:01:13 Warning: Warning (2): Invalid argument supplied for foreach() in [/Applications/MAMP/htdocs/ars/app/views/attendances/index.ctp, line 11]
2012-01-01 02:01:14 Warning: Warning (2): Invalid argument supplied for foreach() in [/Applications/MAMP/htdocs/ars/app/views/attendances/index.ctp, line 11]
2012-01-01 02:01:14 Warning: Warning (2): Invalid argument supplied for foreach() in [/Applications/MAMP/htdocs/ars/app/views/attendances/index.ctp, line 11]
2012-01-01 02:01:14 Warning: Warning (2): Invalid argument supplied for foreach() in [/Applications/MAMP/htdocs/ars/app/views/attendances/index.ctp, line 11]
2012-01-01 02:01:14 Warning: Warning (2): Invalid argument supplied for foreach() in [/Applications/MAMP/htdocs/ars/app/views/attendances/index.ctp, line 11]
2012-01-01 02:01:14 Warning: Warning (2): Invalid argument supplied for foreach() in [/Applications/MAMP/htdocs/ars/app/views/attendances/index.ctp, line 11]
2012-01-01 02:01:15 Warning: Warning (2): Invalid argument supplied for foreach() in [/Applications/MAMP/htdocs/ars/app/views/attendances/index.ctp, line 11]
2012-01-01 02:01:15 Warning: Warning (2): Invalid argument supplied for foreach() in [/Applications/MAMP/htdocs/ars/app/views/attendances/index.ctp, line 11]
2012-01-01 02:01:15 Warning: Warning (2): Invalid argument supplied for foreach() in [/Applications/MAMP/htdocs/ars/app/views/attendances/index.ctp, line 11]
2012-01-01 02:01:15 Warning: Warning (2): Invalid argument supplied for foreach() in [/Applications/MAMP/htdocs/ars/app/views/attendances/index.ctp, line 11]
2012-01-01 02:01:15 Warning: Warning (2): Invalid argument supplied for foreach() in [/Applications/MAMP/htdocs/ars/app/views/attendances/index.ctp, line 11]
2012-01-01 02:01:15 Warning: Warning (2): Invalid argument supplied for foreach() in [/Applications/MAMP/htdocs/ars/app/views/attendances/index.ctp, line 11]
2012-01-01 02:01:16 Warning: Warning (2): Invalid argument supplied for foreach() in [/Applications/MAMP/htdocs/ars/app/views/attendances/index.ctp, line 11]
2012-01-01 02:01:40 Warning: Warning (2): Invalid argument supplied for foreach() in [/Applications/MAMP/htdocs/ars/app/views/attendances/index.ctp, line 11]
2012-01-01 02:04:26 Warning: Warning (512): <span style="color:Red;text-align:left"><b>SQL Error:</b> 1054: Unknown column 'Attendance' in 'where clause'</span> in [/Applications/MAMP/htdocs/ars/cake/libs/model/datasources/dbo_source.php, line 684]
2012-01-01 02:06:09 Warning: Warning (2): preg_match() expects parameter 2 to be string, array given in [/Applications/MAMP/htdocs/ars/cake/libs/model/datasources/dbo_source.php, line 2018]
2012-01-01 02:06:09 Warning: Warning (2): preg_match() expects parameter 2 to be string, array given in [/Applications/MAMP/htdocs/ars/cake/libs/model/datasources/dbo_source.php, line 2020]
2012-01-01 02:06:09 Warning: Warning (2): strpos() expects parameter 1 to be string, array given in [/Applications/MAMP/htdocs/ars/cake/libs/model/datasources/dbo_source.php, line 2023]
2012-01-01 02:06:09 Warning: Warning (2): trim() expects parameter 1 to be string, array given in [/Applications/MAMP/htdocs/ars/cake/libs/model/datasources/dbo_source.php, line 2025]
2012-01-01 02:06:09 Warning: Warning (512): <span style="color:Red;text-align:left"><b>SQL Error:</b> 1064: You have an error in your SQL syntax; check the manual that corresponds to your MySQL server version for the right syntax to use near 'DISTINCT `Attendance`.`` FROM `attendances` AS `Attendance` LEFT JOIN `teacherat' at line 1</span> in [/Applications/MAMP/htdocs/ars/cake/libs/model/datasources/dbo_source.php, line 684]
2012-01-01 02:07:41 Warning: Warning (512): <span style="color:Red;text-align:left"><b>SQL Error:</b> 1054: Unknown column 'date' in 'group statement'</span> in [/Applications/MAMP/htdocs/ars/cake/libs/model/datasources/dbo_source.php, line 684]
2012-01-01 15:37:55 Warning: Warning (2): Invalid argument supplied for foreach() in [/Applications/MAMP/htdocs/ars/cake/libs/view/helpers/form.php, line 1095]
2012-01-02 23:00:27 Warning: Warning (512): <span style="color:Red;text-align:left"><b>SQL Error:</b> 1054: Unknown column 'section' in 'where clause'</span> in [/Applications/MAMP/htdocs/ars/cake/libs/model/datasources/dbo_source.php, line 684]
2012-01-02 23:23:30 Warning: Warning (2): array_merge() [<a href='http://php.net/function.array-merge'>function.array-merge</a>]: Argument #1 is not an array in [/Applications/MAMP/htdocs/ars/cake/libs/view/helpers/paginator.php, line 194]
2012-01-02 23:23:30 Warning: Warning (2): array_merge() [<a href='http://php.net/function.array-merge'>function.array-merge</a>]: Argument #1 is not an array in [/Applications/MAMP/htdocs/ars/cake/libs/view/helpers/paginator.php, line 378]
2012-01-02 23:23:30 Warning: Warning (2): Invalid argument supplied for foreach() in [/Applications/MAMP/htdocs/ars/app/views/studentattendances/add.ctp, line 16]
2012-01-02 23:25:29 Warning: Warning (2): array_merge() [<a href='http://php.net/function.array-merge'>function.array-merge</a>]: Argument #1 is not an array in [/Applications/MAMP/htdocs/ars/cake/libs/view/helpers/paginator.php, line 194]
2012-01-02 23:25:29 Warning: Warning (2): array_merge() [<a href='http://php.net/function.array-merge'>function.array-merge</a>]: Argument #1 is not an array in [/Applications/MAMP/htdocs/ars/cake/libs/view/helpers/paginator.php, line 378]
2012-01-02 23:25:29 Warning: Warning (2): Invalid argument supplied for foreach() in [/Applications/MAMP/htdocs/ars/app/views/studentattendances/add.ctp, line 16]
2012-01-02 23:25:29 Warning: Warning (2): array_merge() [<a href='http://php.net/function.array-merge'>function.array-merge</a>]: Argument #1 is not an array in [/Applications/MAMP/htdocs/ars/cake/libs/view/helpers/paginator.php, line 194]
2012-01-02 23:25:29 Warning: Warning (2): array_merge() [<a href='http://php.net/function.array-merge'>function.array-merge</a>]: Argument #1 is not an array in [/Applications/MAMP/htdocs/ars/cake/libs/view/helpers/paginator.php, line 378]
2012-01-02 23:25:29 Warning: Warning (2): Invalid argument supplied for foreach() in [/Applications/MAMP/htdocs/ars/app/views/studentattendances/add.ctp, line 16]
2012-01-02 23:25:30 Warning: Warning (2): array_merge() [<a href='http://php.net/function.array-merge'>function.array-merge</a>]: Argument #1 is not an array in [/Applications/MAMP/htdocs/ars/cake/libs/view/helpers/paginator.php, line 194]
2012-01-02 23:25:30 Warning: Warning (2): array_merge() [<a href='http://php.net/function.array-merge'>function.array-merge</a>]: Argument #1 is not an array in [/Applications/MAMP/htdocs/ars/cake/libs/view/helpers/paginator.php, line 378]
2012-01-02 23:25:30 Warning: Warning (2): Invalid argument supplied for foreach() in [/Applications/MAMP/htdocs/ars/app/views/studentattendances/add.ctp, line 16]
2012-01-02 23:25:30 Warning: Warning (2): array_merge() [<a href='http://php.net/function.array-merge'>function.array-merge</a>]: Argument #1 is not an array in [/Applications/MAMP/htdocs/ars/cake/libs/view/helpers/paginator.php, line 194]
2012-01-02 23:25:30 Warning: Warning (2): array_merge() [<a href='http://php.net/function.array-merge'>function.array-merge</a>]: Argument #1 is not an array in [/Applications/MAMP/htdocs/ars/cake/libs/view/helpers/paginator.php, line 378]
2012-01-02 23:25:30 Warning: Warning (2): Invalid argument supplied for foreach() in [/Applications/MAMP/htdocs/ars/app/views/studentattendances/add.ctp, line 16]
2012-01-02 23:25:31 Warning: Warning (2): array_merge() [<a href='http://php.net/function.array-merge'>function.array-merge</a>]: Argument #1 is not an array in [/Applications/MAMP/htdocs/ars/cake/libs/view/helpers/paginator.php, line 194]
2012-01-02 23:25:31 Warning: Warning (2): array_merge() [<a href='http://php.net/function.array-merge'>function.array-merge</a>]: Argument #1 is not an array in [/Applications/MAMP/htdocs/ars/cake/libs/view/helpers/paginator.php, line 378]
2012-01-02 23:25:31 Warning: Warning (2): Invalid argument supplied for foreach() in [/Applications/MAMP/htdocs/ars/app/views/studentattendances/add.ctp, line 16]
2012-01-02 23:25:31 Warning: Warning (2): array_merge() [<a href='http://php.net/function.array-merge'>function.array-merge</a>]: Argument #1 is not an array in [/Applications/MAMP/htdocs/ars/cake/libs/view/helpers/paginator.php, line 194]
2012-01-02 23:25:31 Warning: Warning (2): array_merge() [<a href='http://php.net/function.array-merge'>function.array-merge</a>]: Argument #1 is not an array in [/Applications/MAMP/htdocs/ars/cake/libs/view/helpers/paginator.php, line 378]
2012-01-02 23:25:31 Warning: Warning (2): Invalid argument supplied for foreach() in [/Applications/MAMP/htdocs/ars/app/views/studentattendances/add.ctp, line 16]
2012-01-02 23:25:31 Warning: Warning (2): array_merge() [<a href='http://php.net/function.array-merge'>function.array-merge</a>]: Argument #1 is not an array in [/Applications/MAMP/htdocs/ars/cake/libs/view/helpers/paginator.php, line 194]
2012-01-02 23:25:31 Warning: Warning (2): array_merge() [<a href='http://php.net/function.array-merge'>function.array-merge</a>]: Argument #1 is not an array in [/Applications/MAMP/htdocs/ars/cake/libs/view/helpers/paginator.php, line 378]
2012-01-02 23:25:31 Warning: Warning (2): Invalid argument supplied for foreach() in [/Applications/MAMP/htdocs/ars/app/views/studentattendances/add.ctp, line 16]
2012-01-02 23:25:32 Warning: Warning (2): array_merge() [<a href='http://php.net/function.array-merge'>function.array-merge</a>]: Argument #1 is not an array in [/Applications/MAMP/htdocs/ars/cake/libs/view/helpers/paginator.php, line 194]
2012-01-02 23:25:32 Warning: Warning (2): array_merge() [<a href='http://php.net/function.array-merge'>function.array-merge</a>]: Argument #1 is not an array in [/Applications/MAMP/htdocs/ars/cake/libs/view/helpers/paginator.php, line 378]
2012-01-02 23:25:32 Warning: Warning (2): Invalid argument supplied for foreach() in [/Applications/MAMP/htdocs/ars/app/views/studentattendances/add.ctp, line 16]
2012-01-02 23:25:32 Warning: Warning (2): array_merge() [<a href='http://php.net/function.array-merge'>function.array-merge</a>]: Argument #1 is not an array in [/Applications/MAMP/htdocs/ars/cake/libs/view/helpers/paginator.php, line 194]
2012-01-02 23:25:32 Warning: Warning (2): array_merge() [<a href='http://php.net/function.array-merge'>function.array-merge</a>]: Argument #1 is not an array in [/Applications/MAMP/htdocs/ars/cake/libs/view/helpers/paginator.php, line 378]
2012-01-02 23:25:32 Warning: Warning (2): Invalid argument supplied for foreach() in [/Applications/MAMP/htdocs/ars/app/views/studentattendances/add.ctp, line 16]
2012-01-02 23:25:32 Warning: Warning (2): array_merge() [<a href='http://php.net/function.array-merge'>function.array-merge</a>]: Argument #1 is not an array in [/Applications/MAMP/htdocs/ars/cake/libs/view/helpers/paginator.php, line 194]
2012-01-02 23:25:32 Warning: Warning (2): array_merge() [<a href='http://php.net/function.array-merge'>function.array-merge</a>]: Argument #1 is not an array in [/Applications/MAMP/htdocs/ars/cake/libs/view/helpers/paginator.php, line 378]
2012-01-02 23:25:32 Warning: Warning (2): Invalid argument supplied for foreach() in [/Applications/MAMP/htdocs/ars/app/views/studentattendances/add.ctp, line 16]
2012-01-02 23:25:32 Warning: Warning (2): array_merge() [<a href='http://php.net/function.array-merge'>function.array-merge</a>]: Argument #1 is not an array in [/Applications/MAMP/htdocs/ars/cake/libs/view/helpers/paginator.php, line 194]
2012-01-02 23:25:32 Warning: Warning (2): array_merge() [<a href='http://php.net/function.array-merge'>function.array-merge</a>]: Argument #1 is not an array in [/Applications/MAMP/htdocs/ars/cake/libs/view/helpers/paginator.php, line 378]
2012-01-02 23:25:32 Warning: Warning (2): Invalid argument supplied for foreach() in [/Applications/MAMP/htdocs/ars/app/views/studentattendances/add.ctp, line 16]
2012-01-02 23:26:08 Warning: Warning (2): Invalid argument supplied for foreach() in [/Applications/MAMP/htdocs/ars/app/views/studentattendances/add.ctp, line 16]
2012-01-02 23:27:54 Warning: Warning (2): Invalid argument supplied for foreach() in [/Applications/MAMP/htdocs/ars/app/views/studentattendances/add.ctp, line 16]
2012-01-02 23:39:53 Warning: Warning (512): <span style="color:Red;text-align:left"><b>SQL Error:</b> 1054: Unknown column 'Student.studentattendance_id' in 'field list'</span> in [/Applications/MAMP/htdocs/ars/cake/libs/model/datasources/dbo_source.php, line 684]
2012-01-02 23:39:53 Warning: Warning (2): Invalid argument supplied for foreach() in [/Applications/MAMP/htdocs/ars/cake/libs/model/datasources/dbo_source.php, line 1104]
2012-01-03 00:07:26 Warning: Warning (2): Invalid argument supplied for foreach() in [/Applications/MAMP/htdocs/ars/app/controllers/studentattendances/studentattendances_controller.php, line 16]
2012-01-03 00:07:42 Warning: Warning (2): Invalid argument supplied for foreach() in [/Applications/MAMP/htdocs/ars/app/controllers/studentattendances/studentattendances_controller.php, line 17]
2012-01-03 09:16:14 Warning: Warning (2): Invalid argument supplied for foreach() in [/Applications/MAMP/htdocs/ars/app/views/studentattendances/add.ctp, line 16]
2012-01-03 15:14:22 Warning: Warning (2): Missing argument 1 for AttendancesController::studentAttendanceStatus() in [/Applications/MAMP/htdocs/ars/app/controllers/attendances/attendances_controller.php, line 30]
2012-01-03 15:14:22 Warning: Warning (2): Missing argument 2 for AttendancesController::studentAttendanceStatus() in [/Applications/MAMP/htdocs/ars/app/controllers/attendances/attendances_controller.php, line 30]
2012-01-03 15:14:22 Warning: Warning (2): Missing argument 3 for AttendancesController::studentAttendanceStatus() in [/Applications/MAMP/htdocs/ars/app/controllers/attendances/attendances_controller.php, line 30]
2012-01-03 15:14:22 Warning: Warning (2): Cannot modify header information - headers already sent by (output started at /Applications/MAMP/htdocs/ars/cake/libs/debugger.php:683) in [/Applications/MAMP/htdocs/ars/app/app_controller.php, line 39]
2012-01-03 15:29:27 Warning: Warning (2): Cannot use a scalar value as an array in [/Applications/MAMP/htdocs/ars/app/app_controller.php, line 41]
2012-01-03 15:29:44 Warning: Warning (2): Cannot use a scalar value as an array in [/Applications/MAMP/htdocs/ars/app/app_controller.php, line 41]
2012-01-03 15:29:45 Warning: Warning (2): Cannot use a scalar value as an array in [/Applications/MAMP/htdocs/ars/app/app_controller.php, line 41]
2012-01-03 15:29:45 Warning: Warning (2): Cannot use a scalar value as an array in [/Applications/MAMP/htdocs/ars/app/app_controller.php, line 41]
2012-01-03 15:29:45 Warning: Warning (2): Cannot use a scalar value as an array in [/Applications/MAMP/htdocs/ars/app/app_controller.php, line 41]
2012-01-03 15:29:45 Warning: Warning (2): Cannot use a scalar value as an array in [/Applications/MAMP/htdocs/ars/app/app_controller.php, line 41]
2012-01-03 15:29:52 Warning: Warning (2): Cannot use a scalar value as an array in [/Applications/MAMP/htdocs/ars/app/app_controller.php, line 41]
2012-01-03 15:50:00 Warning: Warning (2): unlink(/Applications/MAMP/htdocs/ars/app/tmp/cache/models/cake_model_default_disabilities) [<a href='http://php.net/function.unlink'>function.unlink</a>]: No such file or directory in [/Applications/MAMP/htdocs/ars/cake/libs/file.php, line 298]
2012-01-03 15:50:00 Warning: Warning (2): fopen(/Applications/MAMP/htdocs/ars/app/tmp/cache/models/cake_model_default_students) [<a href='http://php.net/function.fopen'>function.fopen</a>]: failed to open stream: No such file or directory in [/Applications/MAMP/htdocs/ars/cake/libs/file.php, line 152]
2012-01-03 16:04:35 Warning: Warning (2): Cannot modify header information - headers already sent by (output started at /Applications/MAMP/htdocs/ars/cake/libs/debugger.php:683) in [/Applications/MAMP/htdocs/ars/app/app_controller.php, line 39]
2012-01-03 16:04:59 Warning: Warning (512): <span style="color:Red;text-align:left"><b>SQL Error:</b> 1054: Unknown column 'standard' in 'where clause'</span> in [/Applications/MAMP/htdocs/ars/cake/libs/model/datasources/dbo_source.php, line 684]
2012-01-03 16:04:59 Warning: Warning (2): Invalid argument supplied for foreach() in [/Applications/MAMP/htdocs/ars/app/controllers/studentattendances/studentattendances_controller.php, line 27]
2012-01-03 16:04:59 Warning: Warning (2): Invalid argument supplied for foreach() in [/Applications/MAMP/htdocs/ars/app/views/studentattendances/add.ctp, line 16]
2012-01-03 16:06:00 Warning: Warning (2): Invalid argument supplied for foreach() in [/Applications/MAMP/htdocs/ars/app/views/studentattendances/add.ctp, line 16]
2012-01-03 16:06:14 Warning: Warning (2): Invalid argument supplied for foreach() in [/Applications/MAMP/htdocs/ars/app/views/studentattendances/add.ctp, line 16]
2012-01-03 16:07:35 Warning: Warning (512): <span style="color:Red;text-align:left"><b>SQL Error:</b> 1054: Unknown column 'standrd_id' in 'where clause'</span> in [/Applications/MAMP/htdocs/ars/cake/libs/model/datasources/dbo_source.php, line 684]
2012-01-03 16:08:11 Warning: Warning (512): <span style="color:Red;text-align:left"><b>SQL Error:</b> 1054: Unknown column 'standrd_id' in 'where clause'</span> in [/Applications/MAMP/htdocs/ars/cake/libs/model/datasources/dbo_source.php, line 684]
2012-01-03 16:08:57 Warning: Warning (2): Invalid argument supplied for foreach() in [/Applications/MAMP/htdocs/ars/app/views/studentattendances/add.ctp, line 16]
2012-01-03 16:12:04 Warning: Warning (2): Invalid argument supplied for foreach() in [/Applications/MAMP/htdocs/ars/app/views/studentattendances/add.ctp, line 16]
2012-01-03 19:05:00 Warning: Warning (2): unlink(/Applications/MAMP/htdocs/ars/app/tmp/cache/models/cake_model_default_disabilities) [<a href='http://php.net/function.unlink'>function.unlink</a>]: No such file or directory in [/Applications/MAMP/htdocs/ars/cake/libs/file.php, line 298]
2012-01-03 19:05:00 Warning: Warning (2): fopen(/Applications/MAMP/htdocs/ars/app/tmp/cache/models/cake_model_default_disabilities) [<a href='http://php.net/function.fopen'>function.fopen</a>]: failed to open stream: No such file or directory in [/Applications/MAMP/htdocs/ars/cake/libs/file.php, line 152]
2012-01-03 19:23:20 Warning: Warning (2): fopen(/Applications/MAMP/htdocs/ars/app/tmp/cache/models/cake_model_default_castes) [<a href='http://php.net/function.fopen'>function.fopen</a>]: failed to open stream: No such file or directory in [/Applications/MAMP/htdocs/ars/cake/libs/file.php, line 152]
2012-01-03 19:54:23 Warning: Warning (512): Method HtmlHelper::input does not exist in [/Applications/MAMP/htdocs/ars/cake/libs/view/helper.php, line 154]
2012-01-03 19:54:34 Warning: Warning (512): Method HtmlHelper::input does not exist in [/Applications/MAMP/htdocs/ars/cake/libs/view/helper.php, line 154]
2012-01-08 12:07:45 Warning: Warning (2): mysql_connect() [<a href='http://php.net/function.mysql-connect'>function.mysql-connect</a>]: Access denied for user 'root'@'localhost' (using password: YES) in [C:\wamp\www\ars\cake\libs\model\datasources\dbo\dbo_mysql.php, line 561]
2012-01-08 12:07:45 Warning: Warning (2): mysql_query() expects parameter 2 to be resource, boolean given in [C:\wamp\www\ars\cake\libs\model\datasources\dbo\dbo_mysql.php, line 613]
2012-01-08 16:40:31 Warning: Warning (512): <span style="color:Red;text-align:left"><b>SQL Error:</b> 1064: You have an error in your SQL syntax; check the manual that corresponds to your MySQL server version for the right syntax to use near 'AND TA.present = 
                AND TA.attendancedate BETWEEN 
             ' at line 5</span> in [C:\wamp\www\ars\cake\libs\model\datasources\dbo_source.php, line 684]
2012-01-08 16:40:45 Warning: Warning (512): <span style="color:Red;text-align:left"><b>SQL Error:</b> 1064: You have an error in your SQL syntax; check the manual that corresponds to your MySQL server version for the right syntax to use near 'AND TA.present = 
                AND TA.attendancedate BETWEEN 
             ' at line 5</span> in [C:\wamp\www\ars\cake\libs\model\datasources\dbo_source.php, line 684]
2012-01-08 16:40:46 Warning: Warning (512): <span style="color:Red;text-align:left"><b>SQL Error:</b> 1064: You have an error in your SQL syntax; check the manual that corresponds to your MySQL server version for the right syntax to use near 'AND TA.present = 
                AND TA.attendancedate BETWEEN 
             ' at line 5</span> in [C:\wamp\www\ars\cake\libs\model\datasources\dbo_source.php, line 684]
